<?xml version="1.0" encoding="UTF-8" ?>
<testsuite errors="0" failures="0" hostname="baiacu.local" name="ex1.HandEvaluatorTest" skipped="0" tests="10" time="0.099" timestamp="2015-04-29T19:56:46">
  <properties>
    <property name="java.vendor" value="Oracle Corporation" />
    <property name="env.__CHECKFIX1436934" value="1" />
    <property name="sun.java.launcher" value="SUN_STANDARD" />
    <property name="sun.management.compiler" value="HotSpot 64-Bit Tiered Compilers" />
    <property name="env.COLORFGBG" value="7;0" />
    <property name="os.name" value="Mac OS X" />
    <property name="sun.boot.class.path" value="/Library/Java/JavaVirtualMachines/jdk1.7.0_75.jdk/Contents/Home/jre/lib/resources.jar:/Library/Java/JavaVirtualMachines/jdk1.7.0_75.jdk/Contents/Home/jre/lib/rt.jar:/Library/Java/JavaVirtualMachines/jdk1.7.0_75.jdk/Contents/Home/jre/lib/sunrsasign.jar:/Library/Java/JavaVirtualMachines/jdk1.7.0_75.jdk/Contents/Home/jre/lib/jsse.jar:/Library/Java/JavaVirtualMachines/jdk1.7.0_75.jdk/Contents/Home/jre/lib/jce.jar:/Library/Java/JavaVirtualMachines/jdk1.7.0_75.jdk/Contents/Home/jre/lib/charsets.jar:/Library/Java/JavaVirtualMachines/jdk1.7.0_75.jdk/Contents/Home/jre/lib/jfr.jar:/Library/Java/JavaVirtualMachines/jdk1.7.0_75.jdk/Contents/Home/jre/classes" />
    <property name="env.TMPDIR" value="/var/folders/3c/wzkwrw7d28sc0yv3tbtjcwbw0000gn/T/" />
    <property name="env.PWD" value="/Users/damorim/projects/testing-cin/texasholdem" />
    <property name="user.country.format" value="BR" />
    <property name="java.vm.specification.vendor" value="Oracle Corporation" />
    <property name="ant.home" value="/opt/local/share/java/apache-ant" />
    <property name="java.runtime.version" value="1.7.0_75-b13" />
    <property name="env.Apple_PubSub_Socket_Render" value="/tmp/launch-sXIlwN/Render" />
    <property name="env.DISPLAY" value="/tmp/launch-ZhbKeT/org.macosforge.xquartz:0" />
    <property name="user.name" value="damorim" />
    <property name="env.USER" value="damorim" />
    <property name="env.SHELL" value="/bin/bash" />
    <property name="env.__CF_USER_TEXT_ENCODING" value="0x1F5:0:0" />
    <property name="env.PATH" value="/opt/local/bin:/opt/local/sbin:/opt/local/share/java/maven3/bin:/Library/Java/JavaVirtualMachines/jdk1.7.0_75.jdk/Contents/Home/bin:/usr/bin:/bin:/usr/sbin:/sbin:/usr/local/bin:/opt/X11/bin" />
    <property name="user.language" value="en" />
    <property name="sun.boot.library.path" value="/Library/Java/JavaVirtualMachines/jdk1.7.0_75.jdk/Contents/Home/jre/lib" />
    <property name="ant.project.default-target" value="build" />
    <property name="ant.project.name" value="TexasHoldEm" />
    <property name="env.LC_CTYPE" value="UTF-8" />
    <property name="java.version" value="1.7.0_75" />
    <property name="user.timezone" value="" />
    <property name="ant.file.TexasHoldEm" value="/Users/damorim/projects/testing-cin/texasholdem/build.xml" />
    <property name="env.JAVA_MAIN_CLASS_825" value="org.apache.tools.ant.launch.Launcher" />
    <property name="sun.arch.data.model" value="64" />
    <property name="http.nonProxyHosts" value="local|*.local|169.254/16|*.169.254/16" />
    <property name="java.endorsed.dirs" value="/Library/Java/JavaVirtualMachines/jdk1.7.0_75.jdk/Contents/Home/jre/lib/endorsed" />
    <property name="sun.cpu.isalist" value="" />
    <property name="sun.jnu.encoding" value="UTF-8" />
    <property name="env.ITERM_SESSION_ID" value="w0t2p0" />
    <property name="file.encoding.pkg" value="sun.io" />
    <property name="env.SHLVL" value="1" />
    <property name="ECLIPSE_HOME" value="../../../../tools/eclipse/" />
    <property name="file.separator" value="/" />
    <property name="java.specification.name" value="Java Platform API Specification" />
    <property name="java.class.version" value="51.0" />
    <property name="user.country" value="US" />
    <property name="java.home" value="/Library/Java/JavaVirtualMachines/jdk1.7.0_75.jdk/Contents/Home/jre" />
    <property name="java.vm.info" value="mixed mode" />
    <property name="env.LOGNAME" value="damorim" />
    <property name="ant.file" value="/Users/damorim/projects/testing-cin/texasholdem/build.xml" />
    <property name="os.version" value="10.9.5" />
    <property name="path.separator" value=":" />
    <property name="java.vm.version" value="24.75-b04" />
    <property name="ant.library.dir" value="/opt/local/share/java/apache-ant/lib" />
    <property name="junit.output.dir" value="junit" />
    <property name="env.JAVA_HOME" value="/Library/Java/JavaVirtualMachines/jdk1.7.0_75.jdk/Contents/Home" />
    <property name="java.awt.printerjob" value="sun.lwawt.macosx.CPrinterJob" />
    <property name="env.TERM" value="xterm-256color" />
    <property name="sun.io.unicode.encoding" value="UnicodeBig" />
    <property name="ant.file.type.TexasHoldEm" value="file" />
    <property name="awt.toolkit" value="sun.lwawt.macosx.LWCToolkit" />
    <property name="socksNonProxyHosts" value="local|*.local|169.254/16|*.169.254/16" />
    <property name="ftp.nonProxyHosts" value="local|*.local|169.254/16|*.169.254/16" />
    <property name="user.home" value="/Users/damorim" />
    <property name="target" value="1.7" />
    <property name="java.specification.vendor" value="Oracle Corporation" />
    <property name="env.TERM_PROGRAM" value="iTerm.app" />
    <property name="java.library.path" value="/Users/damorim/Library/Java/Extensions:/Library/Java/Extensions:/Network/Library/Java/Extensions:/System/Library/Java/Extensions:/usr/lib/java:." />
    <property name="java.vendor.url" value="http://java.oracle.com/" />
    <property name="env.SVN_EDITOR" value="emacs" />
    <property name="java.vm.vendor" value="Oracle Corporation" />
    <property name="gopherProxySet" value="false" />
    <property name="java.runtime.name" value="Java(TM) SE Runtime Environment" />
    <property name="ant.version" value="Apache Ant(TM) version 1.9.4 compiled on April 29 2014" />
    <property name="sun.java.command" value="org.apache.tools.ant.taskdefs.optional.junit.JUnitTestRunner ex1.HandEvaluatorTest skipNonTests=false filtertrace=true haltOnError=false haltOnFailure=false formatter=org.apache.tools.ant.taskdefs.optional.junit.OutErrSummaryJUnitResultFormatter showoutput=false outputtoformatters=true logfailedtests=true threadid=0 logtestlistenerevents=false formatter=org.apache.tools.ant.taskdefs.optional.junit.XMLJUnitResultFormatter,/Users/damorim/projects/testing-cin/texasholdem/junit/TEST-ex1.HandEvaluatorTest.xml crashfile=/Users/damorim/projects/testing-cin/texasholdem/junitvmwatcher6258166541135485023.properties propsfile=/Users/damorim/projects/testing-cin/texasholdem/junit4707428042869274296.properties" />
    <property name="java.class.path" value="/Users/damorim/projects/testing-cin/texasholdem/target/classes:/Users/damorim/projects/testing-cin/texasholdem/target/test-classes:/Users/damorim/projects/testing-cin/texasholdem/lib/hamcrest-all-1.3.jar:/Users/damorim/projects/testing-cin/texasholdem/lib/junit-4.11.jar:/opt/local/share/java/apache-ant/lib/ant-launcher.jar:/opt/local/share/java/apache-ant/lib/ant.jar:/opt/local/share/java/apache-ant/lib/ant-junit.jar:/opt/local/share/java/apache-ant/lib/ant-junit4.jar" />
    <property name="java.vm.specification.name" value="Java Virtual Machine Specification" />
    <property name="ant.file.type" value="file" />
    <property name="java.vm.specification.version" value="1.7" />
    <property name="sun.cpu.endian" value="little" />
    <property name="sun.os.patch.level" value="unknown" />
    <property name="env.HOME" value="/Users/damorim" />
    <property name="debuglevel" value="source,lines,vars" />
    <property name="java.io.tmpdir" value="/var/folders/3c/wzkwrw7d28sc0yv3tbtjcwbw0000gn/T/" />
    <property name="java.vendor.url.bug" value="http://bugreport.sun.com/bugreport/" />
    <property name="env.SSH_AUTH_SOCK" value="/tmp/launch-k9OOO2/Listeners" />
    <property name="java.awt.graphicsenv" value="sun.awt.CGraphicsEnvironment" />
    <property name="os.arch" value="x86_64" />
    <property name="env.DBUS_LAUNCHD_SESSION_BUS_SOCKET" value="/tmp/launch-D6DQuE/unix_domain_listener" />
    <property name="java.ext.dirs" value="/Users/damorim/Library/Java/Extensions:/Library/Java/JavaVirtualMachines/jdk1.7.0_75.jdk/Contents/Home/jre/lib/ext:/Library/Java/Extensions:/Network/Library/Java/Extensions:/System/Library/Java/Extensions:/usr/lib/java" />
    <property name="user.dir" value="/Users/damorim/projects/testing-cin/texasholdem" />
    <property name="line.separator" value="&#xa;" />
    <property name="java.vm.name" value="Java HotSpot(TM) 64-Bit Server VM" />
    <property name="basedir" value="/Users/damorim/projects/testing-cin/texasholdem" />
    <property name="env.ITERM_PROFILE" value="Default" />
    <property name="ant.java.version" value="1.7" />
    <property name="ant.core.lib" value="/opt/local/share/java/apache-ant/lib/ant.jar" />
    <property name="source" value="1.7" />
    <property name="file.encoding" value="UTF-8" />
    <property name="java.specification.version" value="1.7" />
    <property name="ant.project.invoked-targets" value="org.ozsoft.texasholdem" />
  </properties>
  <testcase classname="ex1.HandEvaluatorTest" name="fullHouse" time="0.008" />
  <testcase classname="ex1.HandEvaluatorTest" name="highCard" time="0.001" />
  <testcase classname="ex1.HandEvaluatorTest" name="onePair" time="0.001" />
  <testcase classname="ex1.HandEvaluatorTest" name="royalFlush" time="0.001" />
  <testcase classname="ex1.HandEvaluatorTest" name="flush" time="0.001" />
  <testcase classname="ex1.HandEvaluatorTest" name="threeOfAKind" time="0.001" />
  <testcase classname="ex1.HandEvaluatorTest" name="fourOfAKind" time="0.0" />
  <testcase classname="ex1.HandEvaluatorTest" name="straightFlush" time="0.0" />
  <testcase classname="ex1.HandEvaluatorTest" name="straight" time="0.002" />
  <testcase classname="ex1.HandEvaluatorTest" name="twoPairs" time="0.001" />
  <system-out><![CDATA[]]></system-out>
  <system-err><![CDATA[]]></system-err>
</testsuite>
